2017-09-09 18:39:24.825 [12653] main/101/init_tarantool.lua I> systemd: NOTIFY_SOCKET variable is empty, skipping
2017-09-09 18:39:24.826 [12653] main/101/init_tarantool.lua C> version 1.7.4-246-g7b1028a
2017-09-09 18:39:24.826 [12653] main/101/init_tarantool.lua C> log level 5
2017-09-09 18:39:24.826 [12653] main/101/init_tarantool.lua I> mapping 268435456 bytes for tuple arena...
2017-09-09 18:39:24.828 [12653] iproto/101/main I> binary: bound to 127.0.0.1:3309
2017-09-09 18:39:24.828 [12653] main/101/init_tarantool.lua I> initializing an empty data directory
2017-09-09 18:39:24.832 [12653] snapshot/101/main I> saving snapshot `./00000000000000000000.snap.inprogress'
2017-09-09 18:39:24.833 [12653] snapshot/101/main I> done
2017-09-09 18:39:24.970 [12653] main/101/init_tarantool.lua I> vinyl checkpoint done
2017-09-09 18:39:24.970 [12653] main/101/init_tarantool.lua I> ready to accept requests
2017-09-09 18:39:24.970 [12653] main/104/checkpoint_daemon I> started
2017-09-09 18:39:24.970 [12653] main/104/checkpoint_daemon I> scheduled the next snapshot at Sat Sep  9 19:40:45 2017
2017-09-09 18:39:24.971 [12653] main C> entering the event loop
2017-09-09 18:39:48.088 [12759] main/101/init_tarantool.lua I> systemd: NOTIFY_SOCKET variable is empty, skipping
2017-09-09 18:39:48.088 [12759] main/101/init_tarantool.lua C> version 1.7.4-246-g7b1028a
2017-09-09 18:39:48.088 [12759] main/101/init_tarantool.lua C> log level 5
2017-09-09 18:39:48.088 [12759] main/101/init_tarantool.lua I> mapping 268435456 bytes for tuple arena...
2017-09-09 18:39:48.092 [12759] iproto/101/main I> binary: bound to 127.0.0.1:3309
2017-09-09 18:39:48.094 [12759] main/101/init_tarantool.lua I> recovery start
2017-09-09 18:39:48.094 [12759] main/101/init_tarantool.lua I> recovering from `./00000000000000000000.snap'
2017-09-09 18:39:48.097 [12759] main/101/init_tarantool.lua I> recover from `./00000000000000000000.xlog'
2017-09-09 18:39:48.097 [12759] main/101/init_tarantool.lua I> done `./00000000000000000000.xlog'
2017-09-09 18:39:48.097 [12759] main/101/init_tarantool.lua I> ready to accept requests
2017-09-09 18:39:48.097 [12759] main/105/checkpoint_daemon I> started
2017-09-09 18:39:48.097 [12759] main/105/checkpoint_daemon I> scheduled the next snapshot at Sat Sep  9 20:26:39 2017
2017-09-09 18:39:48.097 [12759] main C> entering the event loop
